{"level":"[INFO]","ts":"2022-10-16T10:36:01.417+0800","caller_line":"core/acceptor.go:122","msg":"Acceptor-0 is serving on :3333"}
{"level":"[INFO]","ts":"2022-10-16T10:36:01.417+0800","caller_line":"core/acceptor.go:122","msg":"Acceptor-1 is serving on :3334"}
{"level":"[INFO]","ts":"2022-10-16T10:36:01.418+0800","caller_line":"core/acceptor.go:122","msg":"Acceptor-2 is serving on :3335"}
{"level":"[INFO]","ts":"2022-10-16T10:36:01.420+0800","caller_line":"core/acceptor.go:47","msg":"Acceptor: receive Prepare request: Id:{Key:\"k\"}  Bal:{ProposerId:2}"}
{"level":"[INFO]","ts":"2022-10-16T10:36:01.420+0800","caller_line":"core/proposer.go:153","msg":"Proposer: receive Prepare reply from Acceptor-0: lastBal:{}  VBal:{}"}
{"level":"[INFO]","ts":"2022-10-16T10:36:01.420+0800","caller_line":"core/acceptor.go:47","msg":"Acceptor: receive Prepare request: Id:{Key:\"k\"}  Bal:{ProposerId:2}"}
{"level":"[INFO]","ts":"2022-10-16T10:36:01.421+0800","caller_line":"core/proposer.go:153","msg":"Proposer: receive Prepare reply from Acceptor-1: lastBal:{}  VBal:{}"}
{"level":"[INFO]","ts":"2022-10-16T10:36:01.422+0800","caller_line":"core/acceptor.go:47","msg":"Acceptor: receive Prepare request: Id:{Key:\"k\"}  Bal:{ProposerId:2}"}
{"level":"[INFO]","ts":"2022-10-16T10:36:01.422+0800","caller_line":"core/proposer.go:153","msg":"Proposer: receive Prepare reply from Acceptor-2: lastBal:{}  VBal:{}"}
{"level":"[INFO]","ts":"2022-10-16T10:36:01.422+0800","caller_line":"core/proposer.go:77","msg":"Proposer: handling Prepare Reply: lastBal:{}  VBal:{}"}
{"level":"[INFO]","ts":"2022-10-16T10:36:01.422+0800","caller_line":"core/proposer.go:77","msg":"Proposer: handling Prepare Reply: lastBal:{}  VBal:{}"}
{"level":"[INFO]","ts":"2022-10-16T10:36:01.422+0800","caller_line":"core/proposer.go:41","msg":"Proposer: no voted value seen, propose my value: Vi64:5"}
{"level":"[INFO]","ts":"2022-10-16T10:36:01.422+0800","caller_line":"core/proposer.go:52","msg":"Proposer: proposer chose value to propose: Vi64:5"}
{"level":"[INFO]","ts":"2022-10-16T10:36:01.424+0800","caller_line":"core/acceptor.go:63","msg":"Acceptor: receive Accept request: Id:{Key:\"k\"}  Bal:{ProposerId:2}  Val:{Vi64:5}"}
{"level":"[INFO]","ts":"2022-10-16T10:36:01.424+0800","caller_line":"core/proposer.go:153","msg":"Proposer: receive Accept reply from Acceptor-0: lastBal:{ProposerId:2}"}
{"level":"[INFO]","ts":"2022-10-16T10:36:01.425+0800","caller_line":"core/acceptor.go:63","msg":"Acceptor: receive Accept request: Id:{Key:\"k\"}  Bal:{ProposerId:2}  Val:{Vi64:5}"}
{"level":"[INFO]","ts":"2022-10-16T10:36:01.425+0800","caller_line":"core/proposer.go:153","msg":"Proposer: receive Accept reply from Acceptor-1: lastBal:{ProposerId:2}"}
{"level":"[INFO]","ts":"2022-10-16T10:36:01.425+0800","caller_line":"core/acceptor.go:63","msg":"Acceptor: receive Accept request: Id:{Key:\"k\"}  Bal:{ProposerId:2}  Val:{Vi64:5}"}
{"level":"[INFO]","ts":"2022-10-16T10:36:01.425+0800","caller_line":"core/proposer.go:153","msg":"Proposer: receive Accept reply from Acceptor-2: lastBal:{ProposerId:2}"}
{"level":"[INFO]","ts":"2022-10-16T10:36:01.425+0800","caller_line":"core/proposer.go:108","msg":"Proposer: handling Accept reply: lastBal:{ProposerId:2}"}
{"level":"[INFO]","ts":"2022-10-16T10:36:01.426+0800","caller_line":"core/proposer.go:108","msg":"Proposer: handling Accept reply: lastBal:{ProposerId:2}"}
{"level":"[INFO]","ts":"2022-10-16T10:36:01.426+0800","caller_line":"core/proposer.go:61","msg":"Proposer: value is voted by a quorum and has been safe: Vi64:5"}
{"level":"[INFO]","ts":"2022-10-16T10:36:01.426+0800","caller_line":"core/acceptor.go:47","msg":"Acceptor: receive Prepare request: Id:{Key:\"k\"}  Bal:{ProposerId:2}"}
{"level":"[INFO]","ts":"2022-10-16T10:36:01.426+0800","caller_line":"core/proposer.go:153","msg":"Proposer: receive Prepare reply from Acceptor-0: lastBal:{ProposerId:2}  val:{Vi64:5}  VBal:{ProposerId:2}"}
{"level":"[INFO]","ts":"2022-10-16T10:36:01.427+0800","caller_line":"core/acceptor.go:47","msg":"Acceptor: receive Prepare request: Id:{Key:\"k\"}  Bal:{ProposerId:2}"}
{"level":"[INFO]","ts":"2022-10-16T10:36:01.427+0800","caller_line":"core/proposer.go:153","msg":"Proposer: receive Prepare reply from Acceptor-1: lastBal:{ProposerId:2}  val:{Vi64:5}  VBal:{ProposerId:2}"}
{"level":"[INFO]","ts":"2022-10-16T10:36:01.427+0800","caller_line":"core/acceptor.go:47","msg":"Acceptor: receive Prepare request: Id:{Key:\"k\"}  Bal:{ProposerId:2}"}
{"level":"[INFO]","ts":"2022-10-16T10:36:01.428+0800","caller_line":"core/proposer.go:153","msg":"Proposer: receive Prepare reply from Acceptor-2: lastBal:{ProposerId:2}  val:{Vi64:5}  VBal:{ProposerId:2}"}
{"level":"[INFO]","ts":"2022-10-16T10:36:01.428+0800","caller_line":"core/proposer.go:77","msg":"Proposer: handling Prepare Reply: lastBal:{ProposerId:2}  val:{Vi64:5}  VBal:{ProposerId:2}"}
{"level":"[INFO]","ts":"2022-10-16T10:36:01.428+0800","caller_line":"core/proposer.go:77","msg":"Proposer: handling Prepare Reply: lastBal:{ProposerId:2}  val:{Vi64:5}  VBal:{ProposerId:2}"}
{"level":"[INFO]","ts":"2022-10-16T10:36:01.428+0800","caller_line":"core/proposer.go:52","msg":"Proposer: proposer chose value to propose: Vi64:5"}
{"level":"[INFO]","ts":"2022-10-16T10:36:01.428+0800","caller_line":"core/acceptor.go:63","msg":"Acceptor: receive Accept request: Id:{Key:\"k\"}  Bal:{ProposerId:2}  Val:{Vi64:5}"}
{"level":"[INFO]","ts":"2022-10-16T10:36:01.428+0800","caller_line":"core/proposer.go:153","msg":"Proposer: receive Accept reply from Acceptor-0: lastBal:{ProposerId:2}"}
{"level":"[INFO]","ts":"2022-10-16T10:36:01.429+0800","caller_line":"core/acceptor.go:63","msg":"Acceptor: receive Accept request: Id:{Key:\"k\"}  Bal:{ProposerId:2}  Val:{Vi64:5}"}
{"level":"[INFO]","ts":"2022-10-16T10:36:01.430+0800","caller_line":"core/proposer.go:153","msg":"Proposer: receive Accept reply from Acceptor-1: lastBal:{ProposerId:2}"}
{"level":"[INFO]","ts":"2022-10-16T10:36:01.430+0800","caller_line":"core/acceptor.go:63","msg":"Acceptor: receive Accept request: Id:{Key:\"k\"}  Bal:{ProposerId:2}  Val:{Vi64:5}"}
{"level":"[INFO]","ts":"2022-10-16T10:36:01.430+0800","caller_line":"core/proposer.go:153","msg":"Proposer: receive Accept reply from Acceptor-2: lastBal:{ProposerId:2}"}
{"level":"[INFO]","ts":"2022-10-16T10:36:01.430+0800","caller_line":"core/proposer.go:108","msg":"Proposer: handling Accept reply: lastBal:{ProposerId:2}"}
{"level":"[INFO]","ts":"2022-10-16T10:36:01.430+0800","caller_line":"core/proposer.go:108","msg":"Proposer: handling Accept reply: lastBal:{ProposerId:2}"}
{"level":"[INFO]","ts":"2022-10-16T10:36:01.430+0800","caller_line":"core/proposer.go:61","msg":"Proposer: value is voted by a quorum and has been safe: Vi64:5"}
{"level":"[INFO]","ts":"2022-10-16T10:36:01.431+0800","caller_line":"core/acceptor.go:47","msg":"Acceptor: receive Prepare request: Id:{Key:\"k\"  Ver:1}  Bal:{ProposerId:2}"}
{"level":"[INFO]","ts":"2022-10-16T10:36:01.431+0800","caller_line":"core/proposer.go:153","msg":"Proposer: receive Prepare reply from Acceptor-0: lastBal:{}  VBal:{}"}
{"level":"[INFO]","ts":"2022-10-16T10:36:01.432+0800","caller_line":"core/acceptor.go:47","msg":"Acceptor: receive Prepare request: Id:{Key:\"k\"  Ver:1}  Bal:{ProposerId:2}"}
{"level":"[INFO]","ts":"2022-10-16T10:36:01.432+0800","caller_line":"core/proposer.go:153","msg":"Proposer: receive Prepare reply from Acceptor-1: lastBal:{}  VBal:{}"}
{"level":"[INFO]","ts":"2022-10-16T10:36:01.433+0800","caller_line":"core/acceptor.go:47","msg":"Acceptor: receive Prepare request: Id:{Key:\"k\"  Ver:1}  Bal:{ProposerId:2}"}
{"level":"[INFO]","ts":"2022-10-16T10:36:01.433+0800","caller_line":"core/proposer.go:153","msg":"Proposer: receive Prepare reply from Acceptor-2: lastBal:{}  VBal:{}"}
{"level":"[INFO]","ts":"2022-10-16T10:36:01.433+0800","caller_line":"core/proposer.go:77","msg":"Proposer: handling Prepare Reply: lastBal:{}  VBal:{}"}
{"level":"[INFO]","ts":"2022-10-16T10:36:01.433+0800","caller_line":"core/proposer.go:77","msg":"Proposer: handling Prepare Reply: lastBal:{}  VBal:{}"}
{"level":"[INFO]","ts":"2022-10-16T10:36:01.433+0800","caller_line":"core/proposer.go:41","msg":"Proposer: no voted value seen, propose my value: Vi64:6"}
{"level":"[INFO]","ts":"2022-10-16T10:36:01.433+0800","caller_line":"core/proposer.go:52","msg":"Proposer: proposer chose value to propose: Vi64:6"}
{"level":"[INFO]","ts":"2022-10-16T10:36:01.433+0800","caller_line":"core/acceptor.go:63","msg":"Acceptor: receive Accept request: Id:{Key:\"k\"  Ver:1}  Bal:{ProposerId:2}  Val:{Vi64:6}"}
{"level":"[INFO]","ts":"2022-10-16T10:36:01.433+0800","caller_line":"core/proposer.go:153","msg":"Proposer: receive Accept reply from Acceptor-0: lastBal:{ProposerId:2}"}
{"level":"[INFO]","ts":"2022-10-16T10:36:01.434+0800","caller_line":"core/acceptor.go:63","msg":"Acceptor: receive Accept request: Id:{Key:\"k\"  Ver:1}  Bal:{ProposerId:2}  Val:{Vi64:6}"}
{"level":"[INFO]","ts":"2022-10-16T10:36:01.434+0800","caller_line":"core/proposer.go:153","msg":"Proposer: receive Accept reply from Acceptor-1: lastBal:{ProposerId:2}"}
{"level":"[INFO]","ts":"2022-10-16T10:36:01.436+0800","caller_line":"core/acceptor.go:63","msg":"Acceptor: receive Accept request: Id:{Key:\"k\"  Ver:1}  Bal:{ProposerId:2}  Val:{Vi64:6}"}
{"level":"[INFO]","ts":"2022-10-16T10:36:01.436+0800","caller_line":"core/proposer.go:153","msg":"Proposer: receive Accept reply from Acceptor-2: lastBal:{ProposerId:2}"}
{"level":"[INFO]","ts":"2022-10-16T10:36:01.436+0800","caller_line":"core/proposer.go:108","msg":"Proposer: handling Accept reply: lastBal:{ProposerId:2}"}
{"level":"[INFO]","ts":"2022-10-16T10:36:01.436+0800","caller_line":"core/proposer.go:108","msg":"Proposer: handling Accept reply: lastBal:{ProposerId:2}"}
{"level":"[INFO]","ts":"2022-10-16T10:36:01.436+0800","caller_line":"core/proposer.go:61","msg":"Proposer: value is voted by a quorum and has been safe: Vi64:6"}
{"level":"[INFO]","ts":"2022-10-16T10:36:01.437+0800","caller_line":"core/acceptor.go:47","msg":"Acceptor: receive Prepare request: Id:{Key:\"k\"  Ver:1}  Bal:{ProposerId:2}"}
{"level":"[INFO]","ts":"2022-10-16T10:36:01.437+0800","caller_line":"core/proposer.go:153","msg":"Proposer: receive Prepare reply from Acceptor-0: lastBal:{ProposerId:2}  val:{Vi64:6}  VBal:{ProposerId:2}"}
{"level":"[INFO]","ts":"2022-10-16T10:36:01.437+0800","caller_line":"core/acceptor.go:47","msg":"Acceptor: receive Prepare request: Id:{Key:\"k\"  Ver:1}  Bal:{ProposerId:2}"}
{"level":"[INFO]","ts":"2022-10-16T10:36:01.438+0800","caller_line":"core/proposer.go:153","msg":"Proposer: receive Prepare reply from Acceptor-1: lastBal:{ProposerId:2}  val:{Vi64:6}  VBal:{ProposerId:2}"}
{"level":"[INFO]","ts":"2022-10-16T10:36:01.438+0800","caller_line":"core/acceptor.go:47","msg":"Acceptor: receive Prepare request: Id:{Key:\"k\"  Ver:1}  Bal:{ProposerId:2}"}
{"level":"[INFO]","ts":"2022-10-16T10:36:01.438+0800","caller_line":"core/proposer.go:153","msg":"Proposer: receive Prepare reply from Acceptor-2: lastBal:{ProposerId:2}  val:{Vi64:6}  VBal:{ProposerId:2}"}
{"level":"[INFO]","ts":"2022-10-16T10:36:01.439+0800","caller_line":"core/proposer.go:77","msg":"Proposer: handling Prepare Reply: lastBal:{ProposerId:2}  val:{Vi64:6}  VBal:{ProposerId:2}"}
{"level":"[INFO]","ts":"2022-10-16T10:36:01.439+0800","caller_line":"core/proposer.go:77","msg":"Proposer: handling Prepare Reply: lastBal:{ProposerId:2}  val:{Vi64:6}  VBal:{ProposerId:2}"}
{"level":"[INFO]","ts":"2022-10-16T10:36:01.439+0800","caller_line":"core/proposer.go:52","msg":"Proposer: proposer chose value to propose: Vi64:6"}
{"level":"[INFO]","ts":"2022-10-16T10:36:01.439+0800","caller_line":"core/acceptor.go:63","msg":"Acceptor: receive Accept request: Id:{Key:\"k\"  Ver:1}  Bal:{ProposerId:2}  Val:{Vi64:6}"}
{"level":"[INFO]","ts":"2022-10-16T10:36:01.439+0800","caller_line":"core/proposer.go:153","msg":"Proposer: receive Accept reply from Acceptor-0: lastBal:{ProposerId:2}"}
{"level":"[INFO]","ts":"2022-10-16T10:36:01.440+0800","caller_line":"core/acceptor.go:63","msg":"Acceptor: receive Accept request: Id:{Key:\"k\"  Ver:1}  Bal:{ProposerId:2}  Val:{Vi64:6}"}
{"level":"[INFO]","ts":"2022-10-16T10:36:01.441+0800","caller_line":"core/proposer.go:153","msg":"Proposer: receive Accept reply from Acceptor-1: lastBal:{ProposerId:2}"}
{"level":"[INFO]","ts":"2022-10-16T10:36:01.441+0800","caller_line":"core/acceptor.go:63","msg":"Acceptor: receive Accept request: Id:{Key:\"k\"  Ver:1}  Bal:{ProposerId:2}  Val:{Vi64:6}"}
{"level":"[INFO]","ts":"2022-10-16T10:36:01.442+0800","caller_line":"core/proposer.go:153","msg":"Proposer: receive Accept reply from Acceptor-2: lastBal:{ProposerId:2}"}
{"level":"[INFO]","ts":"2022-10-16T10:36:01.442+0800","caller_line":"core/proposer.go:108","msg":"Proposer: handling Accept reply: lastBal:{ProposerId:2}"}
{"level":"[INFO]","ts":"2022-10-16T10:36:01.442+0800","caller_line":"core/proposer.go:108","msg":"Proposer: handling Accept reply: lastBal:{ProposerId:2}"}
{"level":"[INFO]","ts":"2022-10-16T10:36:01.442+0800","caller_line":"core/proposer.go:61","msg":"Proposer: value is voted by a quorum and has been safe: Vi64:6"}
{"level":"[INFO]","ts":"2022-10-16T10:41:19.288+0800","caller_line":"core/acceptor.go:122","msg":"Acceptor-0 is serving on :3333"}
{"level":"[INFO]","ts":"2022-10-16T10:41:19.289+0800","caller_line":"core/acceptor.go:122","msg":"Acceptor-1 is serving on :3334"}
{"level":"[INFO]","ts":"2022-10-16T10:41:19.290+0800","caller_line":"core/acceptor.go:122","msg":"Acceptor-2 is serving on :3335"}
{"level":"[INFO]","ts":"2022-10-16T10:41:19.293+0800","caller_line":"core/acceptor.go:47","msg":"Acceptor: receive Prepare request: Id:{Key:\"i\"}  Bal:{ProposerId:10}"}
{"level":"[INFO]","ts":"2022-10-16T10:41:19.293+0800","caller_line":"core/proposer.go:153","msg":"Proposer: receive Prepare reply from Acceptor-0: lastBal:{}  VBal:{}"}
{"level":"[INFO]","ts":"2022-10-16T10:41:19.294+0800","caller_line":"core/acceptor.go:47","msg":"Acceptor: receive Prepare request: Id:{Key:\"i\"}  Bal:{ProposerId:10}"}
{"level":"[INFO]","ts":"2022-10-16T10:41:19.295+0800","caller_line":"core/proposer.go:153","msg":"Proposer: receive Prepare reply from Acceptor-1: lastBal:{}  VBal:{}"}
{"level":"[INFO]","ts":"2022-10-16T10:41:19.295+0800","caller_line":"core/proposer.go:77","msg":"Proposer: handling Prepare Reply: lastBal:{}  VBal:{}"}
{"level":"[INFO]","ts":"2022-10-16T10:41:19.295+0800","caller_line":"core/proposer.go:77","msg":"Proposer: handling Prepare Reply: lastBal:{}  VBal:{}"}
{"level":"[INFO]","ts":"2022-10-16T10:41:19.296+0800","caller_line":"core/acceptor.go:63","msg":"Acceptor: receive Accept request: Id:{Key:\"i\"}  Bal:{ProposerId:10}  Val:{Vi64:10}"}
{"level":"[INFO]","ts":"2022-10-16T10:41:19.296+0800","caller_line":"core/proposer.go:153","msg":"Proposer: receive Accept reply from Acceptor-0: lastBal:{ProposerId:10}"}
{"level":"[INFO]","ts":"2022-10-16T10:41:19.299+0800","caller_line":"core/acceptor.go:63","msg":"Acceptor: receive Accept request: Id:{Key:\"i\"}  Bal:{ProposerId:10}  Val:{Vi64:10}"}
{"level":"[INFO]","ts":"2022-10-16T10:41:19.299+0800","caller_line":"core/proposer.go:153","msg":"Proposer: receive Accept reply from Acceptor-1: lastBal:{ProposerId:10}"}
{"level":"[INFO]","ts":"2022-10-16T10:41:19.299+0800","caller_line":"core/proposer.go:108","msg":"Proposer: handling Accept reply: lastBal:{ProposerId:10}"}
{"level":"[INFO]","ts":"2022-10-16T10:41:19.299+0800","caller_line":"core/proposer.go:108","msg":"Proposer: handling Accept reply: lastBal:{ProposerId:10}"}
{"level":"[INFO]","ts":"2022-10-16T10:41:19.300+0800","caller_line":"core/acceptor.go:122","msg":"Acceptor-0 is serving on :3333"}
{"level":"[INFO]","ts":"2022-10-16T10:41:19.300+0800","caller_line":"core/acceptor.go:122","msg":"Acceptor-1 is serving on :3334"}
{"level":"[INFO]","ts":"2022-10-16T10:41:19.301+0800","caller_line":"core/acceptor.go:122","msg":"Acceptor-2 is serving on :3335"}
{"level":"[INFO]","ts":"2022-10-16T10:41:19.301+0800","caller_line":"core/acceptor.go:47","msg":"Acceptor: receive Prepare request: Id:{Key:\"i\"}  Bal:{N:1  ProposerId:10}"}
{"level":"[INFO]","ts":"2022-10-16T10:41:19.301+0800","caller_line":"core/proposer.go:153","msg":"Proposer: receive Prepare reply from Acceptor-0: lastBal:{}  VBal:{}"}
{"level":"[INFO]","ts":"2022-10-16T10:41:19.302+0800","caller_line":"core/acceptor.go:47","msg":"Acceptor: receive Prepare request: Id:{Key:\"i\"}  Bal:{N:1  ProposerId:10}"}
{"level":"[INFO]","ts":"2022-10-16T10:41:19.302+0800","caller_line":"core/proposer.go:153","msg":"Proposer: receive Prepare reply from Acceptor-1: lastBal:{}  VBal:{}"}
{"level":"[INFO]","ts":"2022-10-16T10:41:19.302+0800","caller_line":"core/proposer.go:77","msg":"Proposer: handling Prepare Reply: lastBal:{}  VBal:{}"}
{"level":"[INFO]","ts":"2022-10-16T10:41:19.302+0800","caller_line":"core/proposer.go:77","msg":"Proposer: handling Prepare Reply: lastBal:{}  VBal:{}"}
{"level":"[INFO]","ts":"2022-10-16T10:41:19.303+0800","caller_line":"core/acceptor.go:47","msg":"Acceptor: receive Prepare request: Id:{Key:\"i\"}  Bal:{N:2  ProposerId:11}"}
{"level":"[INFO]","ts":"2022-10-16T10:41:19.303+0800","caller_line":"core/proposer.go:153","msg":"Proposer: receive Prepare reply from Acceptor-1: lastBal:{N:1  ProposerId:10}  VBal:{}"}
{"level":"[INFO]","ts":"2022-10-16T10:41:19.304+0800","caller_line":"core/acceptor.go:47","msg":"Acceptor: receive Prepare request: Id:{Key:\"i\"}  Bal:{N:2  ProposerId:11}"}
{"level":"[INFO]","ts":"2022-10-16T10:41:19.304+0800","caller_line":"core/proposer.go:153","msg":"Proposer: receive Prepare reply from Acceptor-2: lastBal:{}  VBal:{}"}
{"level":"[INFO]","ts":"2022-10-16T10:41:19.304+0800","caller_line":"core/proposer.go:77","msg":"Proposer: handling Prepare Reply: lastBal:{N:1  ProposerId:10}  VBal:{}"}
{"level":"[INFO]","ts":"2022-10-16T10:41:19.304+0800","caller_line":"core/proposer.go:77","msg":"Proposer: handling Prepare Reply: lastBal:{}  VBal:{}"}
{"level":"[INFO]","ts":"2022-10-16T10:41:19.305+0800","caller_line":"core/acceptor.go:63","msg":"Acceptor: receive Accept request: Id:{Key:\"i\"}  Bal:{N:1  ProposerId:10}  Val:{Vi64:100}"}
{"level":"[INFO]","ts":"2022-10-16T10:41:19.305+0800","caller_line":"core/proposer.go:153","msg":"Proposer: receive Accept reply from Acceptor-0: lastBal:{N:1  ProposerId:10}"}
{"level":"[INFO]","ts":"2022-10-16T10:41:19.306+0800","caller_line":"core/acceptor.go:63","msg":"Acceptor: receive Accept request: Id:{Key:\"i\"}  Bal:{N:1  ProposerId:10}  Val:{Vi64:100}"}
{"level":"[INFO]","ts":"2022-10-16T10:41:19.306+0800","caller_line":"core/proposer.go:153","msg":"Proposer: receive Accept reply from Acceptor-1: lastBal:{N:2  ProposerId:11}"}
{"level":"[INFO]","ts":"2022-10-16T10:41:19.306+0800","caller_line":"core/proposer.go:108","msg":"Proposer: handling Accept reply: lastBal:{N:1  ProposerId:10}"}
{"level":"[INFO]","ts":"2022-10-16T10:41:19.306+0800","caller_line":"core/proposer.go:108","msg":"Proposer: handling Accept reply: lastBal:{N:2  ProposerId:11}"}
{"level":"[INFO]","ts":"2022-10-16T10:41:19.307+0800","caller_line":"core/acceptor.go:63","msg":"Acceptor: receive Accept request: Id:{Key:\"i\"}  Bal:{N:2  ProposerId:11}  Val:{Vi64:200}"}
{"level":"[INFO]","ts":"2022-10-16T10:41:19.308+0800","caller_line":"core/proposer.go:153","msg":"Proposer: receive Accept reply from Acceptor-1: lastBal:{N:2  ProposerId:11}"}
{"level":"[INFO]","ts":"2022-10-16T10:41:19.308+0800","caller_line":"core/acceptor.go:63","msg":"Acceptor: receive Accept request: Id:{Key:\"i\"}  Bal:{N:2  ProposerId:11}  Val:{Vi64:200}"}
{"level":"[INFO]","ts":"2022-10-16T10:41:19.308+0800","caller_line":"core/proposer.go:153","msg":"Proposer: receive Accept reply from Acceptor-2: lastBal:{N:2  ProposerId:11}"}
{"level":"[INFO]","ts":"2022-10-16T10:41:19.309+0800","caller_line":"core/proposer.go:108","msg":"Proposer: handling Accept reply: lastBal:{N:2  ProposerId:11}"}
{"level":"[INFO]","ts":"2022-10-16T10:41:19.309+0800","caller_line":"core/proposer.go:108","msg":"Proposer: handling Accept reply: lastBal:{N:2  ProposerId:11}"}
{"level":"[INFO]","ts":"2022-10-16T10:41:19.310+0800","caller_line":"core/acceptor.go:47","msg":"Acceptor: receive Prepare request: Id:{Key:\"i\"}  Bal:{N:3  ProposerId:10}"}
{"level":"[INFO]","ts":"2022-10-16T10:41:19.310+0800","caller_line":"core/proposer.go:153","msg":"Proposer: receive Prepare reply from Acceptor-0: lastBal:{N:1  ProposerId:10}  val:{Vi64:100}  VBal:{N:1  ProposerId:10}"}
{"level":"[INFO]","ts":"2022-10-16T10:41:19.311+0800","caller_line":"core/acceptor.go:47","msg":"Acceptor: receive Prepare request: Id:{Key:\"i\"}  Bal:{N:3  ProposerId:10}"}
{"level":"[INFO]","ts":"2022-10-16T10:41:19.311+0800","caller_line":"core/proposer.go:153","msg":"Proposer: receive Prepare reply from Acceptor-1: lastBal:{N:2  ProposerId:11}  val:{Vi64:200}  VBal:{N:2  ProposerId:11}"}
{"level":"[INFO]","ts":"2022-10-16T10:41:19.311+0800","caller_line":"core/proposer.go:77","msg":"Proposer: handling Prepare Reply: lastBal:{N:1  ProposerId:10}  val:{Vi64:100}  VBal:{N:1  ProposerId:10}"}
{"level":"[INFO]","ts":"2022-10-16T10:41:19.311+0800","caller_line":"core/proposer.go:77","msg":"Proposer: handling Prepare Reply: lastBal:{N:2  ProposerId:11}  val:{Vi64:200}  VBal:{N:2  ProposerId:11}"}
{"level":"[INFO]","ts":"2022-10-16T10:41:19.312+0800","caller_line":"core/acceptor.go:63","msg":"Acceptor: receive Accept request: Id:{Key:\"i\"}  Bal:{N:3  ProposerId:10}  Val:{Vi64:200}"}
{"level":"[INFO]","ts":"2022-10-16T10:41:19.312+0800","caller_line":"core/proposer.go:153","msg":"Proposer: receive Accept reply from Acceptor-0: lastBal:{N:3  ProposerId:10}"}
{"level":"[INFO]","ts":"2022-10-16T10:41:19.312+0800","caller_line":"core/acceptor.go:63","msg":"Acceptor: receive Accept request: Id:{Key:\"i\"}  Bal:{N:3  ProposerId:10}  Val:{Vi64:200}"}
{"level":"[INFO]","ts":"2022-10-16T10:41:19.313+0800","caller_line":"core/proposer.go:153","msg":"Proposer: receive Accept reply from Acceptor-1: lastBal:{N:3  ProposerId:10}"}
{"level":"[INFO]","ts":"2022-10-16T10:41:19.313+0800","caller_line":"core/proposer.go:108","msg":"Proposer: handling Accept reply: lastBal:{N:3  ProposerId:10}"}
{"level":"[INFO]","ts":"2022-10-16T10:41:19.313+0800","caller_line":"core/proposer.go:108","msg":"Proposer: handling Accept reply: lastBal:{N:3  ProposerId:10}"}
{"level":"[INFO]","ts":"2022-10-16T10:41:19.313+0800","caller_line":"core/acceptor.go:122","msg":"Acceptor-0 is serving on :3333"}
{"level":"[INFO]","ts":"2022-10-16T10:41:19.314+0800","caller_line":"core/acceptor.go:122","msg":"Acceptor-1 is serving on :3334"}
{"level":"[INFO]","ts":"2022-10-16T10:41:19.314+0800","caller_line":"core/acceptor.go:122","msg":"Acceptor-2 is serving on :3335"}
{"level":"[INFO]","ts":"2022-10-16T10:41:19.315+0800","caller_line":"core/acceptor.go:47","msg":"Acceptor: receive Prepare request: Id:{Key:\"k\"}  Bal:{ProposerId:2}"}
{"level":"[INFO]","ts":"2022-10-16T10:41:19.315+0800","caller_line":"core/proposer.go:153","msg":"Proposer: receive Prepare reply from Acceptor-0: lastBal:{}  VBal:{}"}
{"level":"[INFO]","ts":"2022-10-16T10:41:19.316+0800","caller_line":"core/acceptor.go:47","msg":"Acceptor: receive Prepare request: Id:{Key:\"k\"}  Bal:{ProposerId:2}"}
{"level":"[INFO]","ts":"2022-10-16T10:41:19.316+0800","caller_line":"core/proposer.go:153","msg":"Proposer: receive Prepare reply from Acceptor-1: lastBal:{}  VBal:{}"}
{"level":"[INFO]","ts":"2022-10-16T10:41:19.317+0800","caller_line":"core/acceptor.go:47","msg":"Acceptor: receive Prepare request: Id:{Key:\"k\"}  Bal:{ProposerId:2}"}
{"level":"[INFO]","ts":"2022-10-16T10:41:19.317+0800","caller_line":"core/proposer.go:153","msg":"Proposer: receive Prepare reply from Acceptor-2: lastBal:{}  VBal:{}"}
{"level":"[INFO]","ts":"2022-10-16T10:41:19.317+0800","caller_line":"core/proposer.go:77","msg":"Proposer: handling Prepare Reply: lastBal:{}  VBal:{}"}
{"level":"[INFO]","ts":"2022-10-16T10:41:19.317+0800","caller_line":"core/proposer.go:77","msg":"Proposer: handling Prepare Reply: lastBal:{}  VBal:{}"}
{"level":"[INFO]","ts":"2022-10-16T10:41:19.317+0800","caller_line":"core/proposer.go:41","msg":"Proposer: no voted value seen, propose my value: Vi64:5"}
{"level":"[INFO]","ts":"2022-10-16T10:41:19.317+0800","caller_line":"core/proposer.go:52","msg":"Proposer: proposer chose value to propose: Vi64:5"}
{"level":"[INFO]","ts":"2022-10-16T10:41:19.318+0800","caller_line":"core/acceptor.go:63","msg":"Acceptor: receive Accept request: Id:{Key:\"k\"}  Bal:{ProposerId:2}  Val:{Vi64:5}"}
{"level":"[INFO]","ts":"2022-10-16T10:41:19.318+0800","caller_line":"core/proposer.go:153","msg":"Proposer: receive Accept reply from Acceptor-0: lastBal:{ProposerId:2}"}
{"level":"[INFO]","ts":"2022-10-16T10:41:19.318+0800","caller_line":"core/acceptor.go:63","msg":"Acceptor: receive Accept request: Id:{Key:\"k\"}  Bal:{ProposerId:2}  Val:{Vi64:5}"}
{"level":"[INFO]","ts":"2022-10-16T10:41:19.319+0800","caller_line":"core/proposer.go:153","msg":"Proposer: receive Accept reply from Acceptor-1: lastBal:{ProposerId:2}"}
{"level":"[INFO]","ts":"2022-10-16T10:41:19.319+0800","caller_line":"core/acceptor.go:63","msg":"Acceptor: receive Accept request: Id:{Key:\"k\"}  Bal:{ProposerId:2}  Val:{Vi64:5}"}
{"level":"[INFO]","ts":"2022-10-16T10:41:19.319+0800","caller_line":"core/proposer.go:153","msg":"Proposer: receive Accept reply from Acceptor-2: lastBal:{ProposerId:2}"}
{"level":"[INFO]","ts":"2022-10-16T10:41:19.319+0800","caller_line":"core/proposer.go:108","msg":"Proposer: handling Accept reply: lastBal:{ProposerId:2}"}
{"level":"[INFO]","ts":"2022-10-16T10:41:19.319+0800","caller_line":"core/proposer.go:108","msg":"Proposer: handling Accept reply: lastBal:{ProposerId:2}"}
{"level":"[INFO]","ts":"2022-10-16T10:41:19.319+0800","caller_line":"core/proposer.go:61","msg":"Proposer: value is voted by a quorum and has been safe: Vi64:5"}
{"level":"[INFO]","ts":"2022-10-16T10:41:19.321+0800","caller_line":"core/acceptor.go:47","msg":"Acceptor: receive Prepare request: Id:{Key:\"k\"}  Bal:{ProposerId:2}"}
{"level":"[INFO]","ts":"2022-10-16T10:41:19.321+0800","caller_line":"core/proposer.go:153","msg":"Proposer: receive Prepare reply from Acceptor-0: lastBal:{ProposerId:2}  val:{Vi64:5}  VBal:{ProposerId:2}"}
{"level":"[INFO]","ts":"2022-10-16T10:41:19.322+0800","caller_line":"core/acceptor.go:47","msg":"Acceptor: receive Prepare request: Id:{Key:\"k\"}  Bal:{ProposerId:2}"}
{"level":"[INFO]","ts":"2022-10-16T10:41:19.322+0800","caller_line":"core/proposer.go:153","msg":"Proposer: receive Prepare reply from Acceptor-1: lastBal:{ProposerId:2}  val:{Vi64:5}  VBal:{ProposerId:2}"}
{"level":"[INFO]","ts":"2022-10-16T10:41:19.323+0800","caller_line":"core/acceptor.go:47","msg":"Acceptor: receive Prepare request: Id:{Key:\"k\"}  Bal:{ProposerId:2}"}
{"level":"[INFO]","ts":"2022-10-16T10:41:19.323+0800","caller_line":"core/proposer.go:153","msg":"Proposer: receive Prepare reply from Acceptor-2: lastBal:{ProposerId:2}  val:{Vi64:5}  VBal:{ProposerId:2}"}
{"level":"[INFO]","ts":"2022-10-16T10:41:19.323+0800","caller_line":"core/proposer.go:77","msg":"Proposer: handling Prepare Reply: lastBal:{ProposerId:2}  val:{Vi64:5}  VBal:{ProposerId:2}"}
{"level":"[INFO]","ts":"2022-10-16T10:41:19.323+0800","caller_line":"core/proposer.go:77","msg":"Proposer: handling Prepare Reply: lastBal:{ProposerId:2}  val:{Vi64:5}  VBal:{ProposerId:2}"}
{"level":"[INFO]","ts":"2022-10-16T10:41:19.323+0800","caller_line":"core/proposer.go:52","msg":"Proposer: proposer chose value to propose: Vi64:5"}
{"level":"[INFO]","ts":"2022-10-16T10:41:19.323+0800","caller_line":"core/acceptor.go:63","msg":"Acceptor: receive Accept request: Id:{Key:\"k\"}  Bal:{ProposerId:2}  Val:{Vi64:5}"}
{"level":"[INFO]","ts":"2022-10-16T10:41:19.323+0800","caller_line":"core/proposer.go:153","msg":"Proposer: receive Accept reply from Acceptor-0: lastBal:{ProposerId:2}"}
{"level":"[INFO]","ts":"2022-10-16T10:41:19.324+0800","caller_line":"core/acceptor.go:63","msg":"Acceptor: receive Accept request: Id:{Key:\"k\"}  Bal:{ProposerId:2}  Val:{Vi64:5}"}
{"level":"[INFO]","ts":"2022-10-16T10:41:19.324+0800","caller_line":"core/proposer.go:153","msg":"Proposer: receive Accept reply from Acceptor-1: lastBal:{ProposerId:2}"}
{"level":"[INFO]","ts":"2022-10-16T10:41:19.326+0800","caller_line":"core/acceptor.go:63","msg":"Acceptor: receive Accept request: Id:{Key:\"k\"}  Bal:{ProposerId:2}  Val:{Vi64:5}"}
{"level":"[INFO]","ts":"2022-10-16T10:41:19.326+0800","caller_line":"core/proposer.go:153","msg":"Proposer: receive Accept reply from Acceptor-2: lastBal:{ProposerId:2}"}
{"level":"[INFO]","ts":"2022-10-16T10:41:19.326+0800","caller_line":"core/proposer.go:108","msg":"Proposer: handling Accept reply: lastBal:{ProposerId:2}"}
{"level":"[INFO]","ts":"2022-10-16T10:41:19.326+0800","caller_line":"core/proposer.go:108","msg":"Proposer: handling Accept reply: lastBal:{ProposerId:2}"}
{"level":"[INFO]","ts":"2022-10-16T10:41:19.326+0800","caller_line":"core/proposer.go:61","msg":"Proposer: value is voted by a quorum and has been safe: Vi64:5"}
{"level":"[INFO]","ts":"2022-10-16T10:41:19.328+0800","caller_line":"core/acceptor.go:47","msg":"Acceptor: receive Prepare request: Id:{Key:\"k\"  Ver:1}  Bal:{ProposerId:2}"}
{"level":"[INFO]","ts":"2022-10-16T10:41:19.329+0800","caller_line":"core/proposer.go:153","msg":"Proposer: receive Prepare reply from Acceptor-0: lastBal:{}  VBal:{}"}
{"level":"[INFO]","ts":"2022-10-16T10:41:19.329+0800","caller_line":"core/acceptor.go:47","msg":"Acceptor: receive Prepare request: Id:{Key:\"k\"  Ver:1}  Bal:{ProposerId:2}"}
{"level":"[INFO]","ts":"2022-10-16T10:41:19.330+0800","caller_line":"core/proposer.go:153","msg":"Proposer: receive Prepare reply from Acceptor-1: lastBal:{}  VBal:{}"}
{"level":"[INFO]","ts":"2022-10-16T10:41:19.330+0800","caller_line":"core/acceptor.go:47","msg":"Acceptor: receive Prepare request: Id:{Key:\"k\"  Ver:1}  Bal:{ProposerId:2}"}
{"level":"[INFO]","ts":"2022-10-16T10:41:19.330+0800","caller_line":"core/proposer.go:153","msg":"Proposer: receive Prepare reply from Acceptor-2: lastBal:{}  VBal:{}"}
{"level":"[INFO]","ts":"2022-10-16T10:41:19.330+0800","caller_line":"core/proposer.go:77","msg":"Proposer: handling Prepare Reply: lastBal:{}  VBal:{}"}
{"level":"[INFO]","ts":"2022-10-16T10:41:19.330+0800","caller_line":"core/proposer.go:77","msg":"Proposer: handling Prepare Reply: lastBal:{}  VBal:{}"}
{"level":"[INFO]","ts":"2022-10-16T10:41:19.330+0800","caller_line":"core/proposer.go:41","msg":"Proposer: no voted value seen, propose my value: Vi64:6"}
{"level":"[INFO]","ts":"2022-10-16T10:41:19.330+0800","caller_line":"core/proposer.go:52","msg":"Proposer: proposer chose value to propose: Vi64:6"}
{"level":"[INFO]","ts":"2022-10-16T10:41:19.331+0800","caller_line":"core/acceptor.go:63","msg":"Acceptor: receive Accept request: Id:{Key:\"k\"  Ver:1}  Bal:{ProposerId:2}  Val:{Vi64:6}"}
{"level":"[INFO]","ts":"2022-10-16T10:41:19.331+0800","caller_line":"core/proposer.go:153","msg":"Proposer: receive Accept reply from Acceptor-0: lastBal:{ProposerId:2}"}
{"level":"[INFO]","ts":"2022-10-16T10:41:19.332+0800","caller_line":"core/acceptor.go:63","msg":"Acceptor: receive Accept request: Id:{Key:\"k\"  Ver:1}  Bal:{ProposerId:2}  Val:{Vi64:6}"}
{"level":"[INFO]","ts":"2022-10-16T10:41:19.332+0800","caller_line":"core/proposer.go:153","msg":"Proposer: receive Accept reply from Acceptor-1: lastBal:{ProposerId:2}"}
{"level":"[INFO]","ts":"2022-10-16T10:41:19.333+0800","caller_line":"core/acceptor.go:63","msg":"Acceptor: receive Accept request: Id:{Key:\"k\"  Ver:1}  Bal:{ProposerId:2}  Val:{Vi64:6}"}
{"level":"[INFO]","ts":"2022-10-16T10:41:19.333+0800","caller_line":"core/proposer.go:153","msg":"Proposer: receive Accept reply from Acceptor-2: lastBal:{ProposerId:2}"}
{"level":"[INFO]","ts":"2022-10-16T10:41:19.333+0800","caller_line":"core/proposer.go:108","msg":"Proposer: handling Accept reply: lastBal:{ProposerId:2}"}
{"level":"[INFO]","ts":"2022-10-16T10:41:19.333+0800","caller_line":"core/proposer.go:108","msg":"Proposer: handling Accept reply: lastBal:{ProposerId:2}"}
{"level":"[INFO]","ts":"2022-10-16T10:41:19.333+0800","caller_line":"core/proposer.go:61","msg":"Proposer: value is voted by a quorum and has been safe: Vi64:6"}
{"level":"[INFO]","ts":"2022-10-16T10:41:19.334+0800","caller_line":"core/acceptor.go:47","msg":"Acceptor: receive Prepare request: Id:{Key:\"k\"  Ver:1}  Bal:{ProposerId:2}"}
{"level":"[INFO]","ts":"2022-10-16T10:41:19.334+0800","caller_line":"core/proposer.go:153","msg":"Proposer: receive Prepare reply from Acceptor-0: lastBal:{ProposerId:2}  val:{Vi64:6}  VBal:{ProposerId:2}"}
{"level":"[INFO]","ts":"2022-10-16T10:41:19.336+0800","caller_line":"core/acceptor.go:47","msg":"Acceptor: receive Prepare request: Id:{Key:\"k\"  Ver:1}  Bal:{ProposerId:2}"}
{"level":"[INFO]","ts":"2022-10-16T10:41:19.336+0800","caller_line":"core/proposer.go:153","msg":"Proposer: receive Prepare reply from Acceptor-1: lastBal:{ProposerId:2}  val:{Vi64:6}  VBal:{ProposerId:2}"}
{"level":"[INFO]","ts":"2022-10-16T10:41:19.337+0800","caller_line":"core/acceptor.go:47","msg":"Acceptor: receive Prepare request: Id:{Key:\"k\"  Ver:1}  Bal:{ProposerId:2}"}
{"level":"[INFO]","ts":"2022-10-16T10:41:19.337+0800","caller_line":"core/proposer.go:153","msg":"Proposer: receive Prepare reply from Acceptor-2: lastBal:{ProposerId:2}  val:{Vi64:6}  VBal:{ProposerId:2}"}
{"level":"[INFO]","ts":"2022-10-16T10:41:19.337+0800","caller_line":"core/proposer.go:77","msg":"Proposer: handling Prepare Reply: lastBal:{ProposerId:2}  val:{Vi64:6}  VBal:{ProposerId:2}"}
{"level":"[INFO]","ts":"2022-10-16T10:41:19.337+0800","caller_line":"core/proposer.go:77","msg":"Proposer: handling Prepare Reply: lastBal:{ProposerId:2}  val:{Vi64:6}  VBal:{ProposerId:2}"}
{"level":"[INFO]","ts":"2022-10-16T10:41:19.337+0800","caller_line":"core/proposer.go:52","msg":"Proposer: proposer chose value to propose: Vi64:6"}
{"level":"[INFO]","ts":"2022-10-16T10:41:19.337+0800","caller_line":"core/acceptor.go:63","msg":"Acceptor: receive Accept request: Id:{Key:\"k\"  Ver:1}  Bal:{ProposerId:2}  Val:{Vi64:6}"}
{"level":"[INFO]","ts":"2022-10-16T10:41:19.338+0800","caller_line":"core/proposer.go:153","msg":"Proposer: receive Accept reply from Acceptor-0: lastBal:{ProposerId:2}"}
{"level":"[INFO]","ts":"2022-10-16T10:41:19.340+0800","caller_line":"core/acceptor.go:63","msg":"Acceptor: receive Accept request: Id:{Key:\"k\"  Ver:1}  Bal:{ProposerId:2}  Val:{Vi64:6}"}
{"level":"[INFO]","ts":"2022-10-16T10:41:19.340+0800","caller_line":"core/proposer.go:153","msg":"Proposer: receive Accept reply from Acceptor-1: lastBal:{ProposerId:2}"}
{"level":"[INFO]","ts":"2022-10-16T10:41:19.341+0800","caller_line":"core/acceptor.go:63","msg":"Acceptor: receive Accept request: Id:{Key:\"k\"  Ver:1}  Bal:{ProposerId:2}  Val:{Vi64:6}"}
{"level":"[INFO]","ts":"2022-10-16T10:41:19.341+0800","caller_line":"core/proposer.go:153","msg":"Proposer: receive Accept reply from Acceptor-2: lastBal:{ProposerId:2}"}
{"level":"[INFO]","ts":"2022-10-16T10:41:19.341+0800","caller_line":"core/proposer.go:108","msg":"Proposer: handling Accept reply: lastBal:{ProposerId:2}"}
{"level":"[INFO]","ts":"2022-10-16T10:41:19.341+0800","caller_line":"core/proposer.go:108","msg":"Proposer: handling Accept reply: lastBal:{ProposerId:2}"}
{"level":"[INFO]","ts":"2022-10-16T10:41:19.341+0800","caller_line":"core/proposer.go:61","msg":"Proposer: value is voted by a quorum and has been safe: Vi64:6"}
{"level":"[INFO]","ts":"2022-10-16T10:41:19.341+0800","caller_line":"core/acceptor.go:63","msg":"Acceptor: receive Accept request: Id:{Key:\"k\"}  Bal:{N:1}"}
